Added Component: Designator=C1(C0805)
Added Component: Designator=C2(POLAR0.8)
Added Component: Designator=C3(C0805)
Added Component: Designator=C4(C0805)
Added Component: Designator=C5(C0805)
Added Component: Designator=C6(C0805)
Added Component: Designator=C7(C0805)
Added Component: Designator=C8(C0805)
Added Component: Designator=D1(SOT-23_N)
Added Component: Designator=DA1(IMB03CGR)
Added Component: Designator=L1(AXIAL-1.0)
Added Component: Designator=P1(HDR2X2)
Added Component: Designator=P2(HDR1X2)
Added Component: Designator=R1(6-0805_N)
Added Component: Designator=R2(6-0805_N)
Added Component: Designator=R3(6-0805_N)
Added Component: Designator=R4(6-0805_N)
Added Component: Designator=R5(6-0805_N)
Added Component: Designator=R6(6-0805_N)
Added Component: Designator=U1(KC_3)
Added Component: Designator=U2(D8)
Added Component: Designator=VT1(IRLML2402)
Added Pin To Net: NetName=+3.3 Pin=C7-1
Added Pin To Net: NetName=+3.3 Pin=C8-2
Added Pin To Net: NetName=+3.3 Pin=D1-3
Added Pin To Net: NetName=+3.3 Pin=DA1-1
Added Pin To Net: NetName=+3.3 Pin=R1-2
Added Pin To Net: NetName=+3.3 Pin=R5-2
Added Pin To Net: NetName=+3.3 Pin=U1-2
Added Pin To Net: NetName=+3.3 Pin=U2-8
Added Net: Name=+3.3
Added Pin To Net: NetName=3.3_MAX10 Pin=C6-2
Added Pin To Net: NetName=3.3_MAX10 Pin=P1-1
Added Pin To Net: NetName=3.3_MAX10 Pin=U1-3
Added Net: Name=3.3_MAX10
Added Pin To Net: NetName=GND Pin=C1-1
Added Pin To Net: NetName=GND Pin=C4-1
Added Pin To Net: NetName=GND Pin=C5-2
Added Pin To Net: NetName=GND Pin=C6-1
Added Pin To Net: NetName=GND Pin=C7-2
Added Pin To Net: NetName=GND Pin=C8-1
Added Pin To Net: NetName=GND Pin=L1-1
Added Pin To Net: NetName=GND Pin=P1-2
Added Pin To Net: NetName=GND Pin=P2-1
Added Pin To Net: NetName=GND Pin=R2-1
Added Pin To Net: NetName=GND Pin=R6-1
Added Pin To Net: NetName=GND Pin=U1-1
Added Pin To Net: NetName=GND Pin=U2-1
Added Pin To Net: NetName=GND Pin=U2-4
Added Pin To Net: NetName=GND Pin=VT1-3
Added Net: Name=GND
Added Pin To Net: NetName=NetC1_2 Pin=C1-2
Added Pin To Net: NetName=NetC1_2 Pin=C2-2
Added Pin To Net: NetName=NetC1_2 Pin=C3-1
Added Pin To Net: NetName=NetC1_2 Pin=DA1-3
Added Pin To Net: NetName=NetC1_2 Pin=L1-2
Added Net: Name=NetC1_2
Added Pin To Net: NetName=NetC2_1 Pin=C2-1
Added Pin To Net: NetName=NetC2_1 Pin=C3-2
Added Pin To Net: NetName=NetC2_1 Pin=R1-1
Added Pin To Net: NetName=NetC2_1 Pin=R2-2
Added Pin To Net: NetName=NetC2_1 Pin=R3-1
Added Pin To Net: NetName=NetC2_1 Pin=U2-2
Added Net: Name=NetC2_1
Added Pin To Net: NetName=NetC4_2 Pin=C4-2
Added Pin To Net: NetName=NetC4_2 Pin=R4-1
Added Pin To Net: NetName=NetC4_2 Pin=U2-3
Added Net: Name=NetC4_2
Added Pin To Net: NetName=NetD1_1 Pin=D1-1
Added Pin To Net: NetName=NetD1_1 Pin=DA1-4
Added Pin To Net: NetName=NetD1_1 Pin=VT1-2
Added Net: Name=NetD1_1
Added Pin To Net: NetName=NetDA1_2 Pin=DA1-2
Added Pin To Net: NetName=NetDA1_2 Pin=P2-2
Added Net: Name=NetDA1_2
Added Pin To Net: NetName=OUT Pin=C5-1
Added Pin To Net: NetName=OUT Pin=P1-4
Added Pin To Net: NetName=OUT Pin=R3-2
Added Pin To Net: NetName=OUT Pin=R4-2
Added Pin To Net: NetName=OUT Pin=U2-7
Added Net: Name=OUT
Added Pin To Net: NetName=RELAY_CTRL Pin=P1-3
Added Pin To Net: NetName=RELAY_CTRL Pin=R6-2
Added Pin To Net: NetName=RELAY_CTRL Pin=VT1-1
Added Net: Name=RELAY_CTRL
Added Class: Name=c_meter
Added Room: Name=c_meter
